[INFO  - 2017-06-28T09:40:40.926Z] GhostDriver - Main - running on port 57093
[INFO  - 2017-06-28T09:40:43.935Z] Session [db14eeb0-5be5-11e7-aa06-1131190e3952] - page.settings - {"XSSAuditingEnabled":false,"javascriptCanCloseWindows":true,"javascriptCanOpenWindows":true,"javascriptEnabled":true,"loadImages":true,"localToRemoteUrlAccessEnabled":false,"userAgent":"Mozilla/5.0 (Windows NT 6.2; WOW64) AppleWebKit/538.1 (KHTML, like Gecko) PhantomJS/2.1.1 Safari/538.1","webSecurityEnabled":true}
[INFO  - 2017-06-28T09:40:43.936Z] Session [db14eeb0-5be5-11e7-aa06-1131190e3952] - page.customHeaders:  - {}
[INFO  - 2017-06-28T09:40:43.936Z] Session [db14eeb0-5be5-11e7-aa06-1131190e3952] - Session.negotiatedCapabilities - {"browserName":"phantomjs","version":"2.1.1","driverName":"ghostdriver","driverVersion":"1.2.0","platform":"windows-10-32bit","javascriptEnabled":true,"takesScreenshot":true,"handlesAlerts":false,"databaseEnabled":false,"locationContextEnabled":false,"applicationCacheEnabled":false,"browserConnectionEnabled":false,"cssSelectorsEnabled":true,"webStorageEnabled":false,"rotatable":false,"acceptSslCerts":false,"nativeEvents":true,"proxy":{"proxyType":"AUTODETECT"}}
[INFO  - 2017-06-28T09:40:43.936Z] SessionManagerReqHand - _postNewSessionCommand - New Session Created: db14eeb0-5be5-11e7-aa06-1131190e3952
[ERROR - 2017-06-28T09:40:46.867Z] RouterReqHand - _handle.error - {"name":"Invalid Command Method","message":"{\"headers\":{\"Accept\":\"application/json\",\"Accept-Encoding\":\"identity\",\"Connection\":\"close\",\"Content-Length\":\"53\",\"Content-Type\":\"application/json;charset=UTF-8\",\"Host\":\"127.0.0.1:57093\",\"User-Agent\":\"Python http auth\"},\"httpVersion\":\"1.1\",\"method\":\"POST\",\"post\":\"{\\\"sessionId\\\": \\\"db14eeb0-5be5-11e7-aa06-1131190e3952\\\"}\",\"url\":\"/dismiss_alert\",\"urlParsed\":{\"anchor\":\"\",\"query\":\"\",\"file\":\"dismiss_alert\",\"directory\":\"/\",\"path\":\"/dismiss_alert\",\"relative\":\"/dismiss_alert\",\"port\":\"\",\"host\":\"\",\"password\":\"\",\"user\":\"\",\"userInfo\":\"\",\"authority\":\"\",\"protocol\":\"\",\"source\":\"/dismiss_alert\",\"queryKey\":{},\"chunks\":[\"dismiss_alert\"]},\"urlOriginal\":\"/session/db14eeb0-5be5-11e7-aa06-1131190e3952/dismiss_alert\"}","line":202,"sourceURL":"phantomjs://code/session_request_handler.js","stack":"_handle@phantomjs://code/session_request_handler.js:202:66\n_reroute@phantomjs://code/request_handler.js:61:20\n_handle@phantomjs://code/router_request_handler.js:78:46"}

  phantomjs://platform/console++.js:263 in error
[INFO  - 2017-06-28T09:41:04.154Z] Session [db14eeb0-5be5-11e7-aa06-1131190e3952] - page.settings - {"XSSAuditingEnabled":false,"javascriptCanCloseWindows":true,"javascriptCanOpenWindows":true,"javascriptEnabled":true,"loadImages":true,"localToRemoteUrlAccessEnabled":false,"userAgent":"Mozilla/5.0 (Windows NT 6.2; WOW64) AppleWebKit/538.1 (KHTML, like Gecko) PhantomJS/2.1.1 Safari/538.1","webSecurityEnabled":true}
[INFO  - 2017-06-28T09:41:04.154Z] Session [db14eeb0-5be5-11e7-aa06-1131190e3952] - page.customHeaders:  - {}
[ERROR - 2017-06-28T09:41:05.084Z] Session [db14eeb0-5be5-11e7-aa06-1131190e3952] - page.onError - msg: TypeError: undefined is not an object (evaluating '$.browser.msie')

  phantomjs://platform/console++.js:263 in error
[ERROR - 2017-06-28T09:41:05.085Z] Session [db14eeb0-5be5-11e7-aa06-1131190e3952] - page.onError - stack:
  (anonymous function) (http://www.kocca.kr/jquery/external/jquery.bgiframe-2.1.2.js:9)

  phantomjs://platform/console++.js:263 in error
[INFO  - 2017-06-28T09:41:11.454Z] Session [db14eeb0-5be5-11e7-aa06-1131190e3952] - page.settings - {"XSSAuditingEnabled":false,"javascriptCanCloseWindows":true,"javascriptCanOpenWindows":true,"javascriptEnabled":true,"loadImages":true,"localToRemoteUrlAccessEnabled":false,"userAgent":"Mozilla/5.0 (Windows NT 6.2; WOW64) AppleWebKit/538.1 (KHTML, like Gecko) PhantomJS/2.1.1 Safari/538.1","webSecurityEnabled":true}
[INFO  - 2017-06-28T09:41:11.454Z] Session [db14eeb0-5be5-11e7-aa06-1131190e3952] - page.customHeaders:  - {}
[ERROR - 2017-06-28T09:41:12.375Z] Session [db14eeb0-5be5-11e7-aa06-1131190e3952] - page.onError - msg: TypeError: undefined is not an object (evaluating '$.browser.msie')

  phantomjs://platform/console++.js:263 in error
[ERROR - 2017-06-28T09:41:12.375Z] Session [db14eeb0-5be5-11e7-aa06-1131190e3952] - page.onError - stack:
  (anonymous function) (http://www.kocca.kr/jquery/external/jquery.bgiframe-2.1.2.js:9)

  phantomjs://platform/console++.js:263 in error
[INFO  - 2017-06-28T09:41:17.607Z] Session [db14eeb0-5be5-11e7-aa06-1131190e3952] - page.settings - {"XSSAuditingEnabled":false,"javascriptCanCloseWindows":true,"javascriptCanOpenWindows":true,"javascriptEnabled":true,"loadImages":true,"localToRemoteUrlAccessEnabled":false,"userAgent":"Mozilla/5.0 (Windows NT 6.2; WOW64) AppleWebKit/538.1 (KHTML, like Gecko) PhantomJS/2.1.1 Safari/538.1","webSecurityEnabled":true}
[INFO  - 2017-06-28T09:41:17.607Z] Session [db14eeb0-5be5-11e7-aa06-1131190e3952] - page.customHeaders:  - {}
[INFO  - 2017-06-28T09:41:19.863Z] Session [db14eeb0-5be5-11e7-aa06-1131190e3952] - page.settings - {"XSSAuditingEnabled":false,"javascriptCanCloseWindows":true,"javascriptCanOpenWindows":true,"javascriptEnabled":true,"loadImages":true,"localToRemoteUrlAccessEnabled":false,"userAgent":"Mozilla/5.0 (Windows NT 6.2; WOW64) AppleWebKit/538.1 (KHTML, like Gecko) PhantomJS/2.1.1 Safari/538.1","webSecurityEnabled":true}
[INFO  - 2017-06-28T09:41:19.863Z] Session [db14eeb0-5be5-11e7-aa06-1131190e3952] - page.customHeaders:  - {}
[ERROR - 2017-06-28T09:41:20.766Z] Session [db14eeb0-5be5-11e7-aa06-1131190e3952] - page.onError - msg: TypeError: undefined is not an object (evaluating '$.browser.msie')

  phantomjs://platform/console++.js:263 in error
[ERROR - 2017-06-28T09:41:20.767Z] Session [db14eeb0-5be5-11e7-aa06-1131190e3952] - page.onError - stack:
  (anonymous function) (http://www.kocca.kr/jquery/external/jquery.bgiframe-2.1.2.js:9)

  phantomjs://platform/console++.js:263 in error
[INFO  - 2017-06-28T09:41:29.390Z] Session [db14eeb0-5be5-11e7-aa06-1131190e3952] - page.settings - {"XSSAuditingEnabled":false,"javascriptCanCloseWindows":true,"javascriptCanOpenWindows":true,"javascriptEnabled":true,"loadImages":true,"localToRemoteUrlAccessEnabled":false,"userAgent":"Mozilla/5.0 (Windows NT 6.2; WOW64) AppleWebKit/538.1 (KHTML, like Gecko) PhantomJS/2.1.1 Safari/538.1","webSecurityEnabled":true}
[INFO  - 2017-06-28T09:41:29.390Z] Session [db14eeb0-5be5-11e7-aa06-1131190e3952] - page.customHeaders:  - {}
[ERROR - 2017-06-28T09:41:30.132Z] Session [db14eeb0-5be5-11e7-aa06-1131190e3952] - page.onError - msg: TypeError: undefined is not an object (evaluating '$.browser.msie')

  phantomjs://platform/console++.js:263 in error
[ERROR - 2017-06-28T09:41:30.133Z] Session [db14eeb0-5be5-11e7-aa06-1131190e3952] - page.onError - stack:
  (anonymous function) (http://www.kocca.kr/jquery/external/jquery.bgiframe-2.1.2.js:9)

  phantomjs://platform/console++.js:263 in error
[INFO  - 2017-06-28T09:41:33.641Z] Session [db14eeb0-5be5-11e7-aa06-1131190e3952] - page.settings - {"XSSAuditingEnabled":false,"javascriptCanCloseWindows":true,"javascriptCanOpenWindows":true,"javascriptEnabled":true,"loadImages":true,"localToRemoteUrlAccessEnabled":false,"userAgent":"Mozilla/5.0 (Windows NT 6.2; WOW64) AppleWebKit/538.1 (KHTML, like Gecko) PhantomJS/2.1.1 Safari/538.1","webSecurityEnabled":true}
[INFO  - 2017-06-28T09:41:33.641Z] Session [db14eeb0-5be5-11e7-aa06-1131190e3952] - page.customHeaders:  - {}
[ERROR - 2017-06-28T09:41:34.434Z] Session [db14eeb0-5be5-11e7-aa06-1131190e3952] - page.onError - msg: TypeError: undefined is not an object (evaluating '$.browser.msie')

  phantomjs://platform/console++.js:263 in error
[ERROR - 2017-06-28T09:41:34.434Z] Session [db14eeb0-5be5-11e7-aa06-1131190e3952] - page.onError - stack:
  (anonymous function) (http://www.kocca.kr/jquery/external/jquery.bgiframe-2.1.2.js:9)

  phantomjs://platform/console++.js:263 in error
[INFO  - 2017-06-28T09:41:40.667Z] Session [db14eeb0-5be5-11e7-aa06-1131190e3952] - page.settings - {"XSSAuditingEnabled":false,"javascriptCanCloseWindows":true,"javascriptCanOpenWindows":true,"javascriptEnabled":true,"loadImages":true,"localToRemoteUrlAccessEnabled":false,"userAgent":"Mozilla/5.0 (Windows NT 6.2; WOW64) AppleWebKit/538.1 (KHTML, like Gecko) PhantomJS/2.1.1 Safari/538.1","webSecurityEnabled":true}
[INFO  - 2017-06-28T09:41:40.667Z] Session [db14eeb0-5be5-11e7-aa06-1131190e3952] - page.customHeaders:  - {}
[ERROR - 2017-06-28T09:41:41.556Z] Session [db14eeb0-5be5-11e7-aa06-1131190e3952] - page.onError - msg: TypeError: undefined is not an object (evaluating '$.browser.msie')

  phantomjs://platform/console++.js:263 in error
[ERROR - 2017-06-28T09:41:41.556Z] Session [db14eeb0-5be5-11e7-aa06-1131190e3952] - page.onError - stack:
  (anonymous function) (http://www.kocca.kr/jquery/external/jquery.bgiframe-2.1.2.js:9)

  phantomjs://platform/console++.js:263 in error
[INFO  - 2017-06-28T09:41:47.779Z] Session [db14eeb0-5be5-11e7-aa06-1131190e3952] - page.settings - {"XSSAuditingEnabled":false,"javascriptCanCloseWindows":true,"javascriptCanOpenWindows":true,"javascriptEnabled":true,"loadImages":true,"localToRemoteUrlAccessEnabled":false,"userAgent":"Mozilla/5.0 (Windows NT 6.2; WOW64) AppleWebKit/538.1 (KHTML, like Gecko) PhantomJS/2.1.1 Safari/538.1","webSecurityEnabled":true}
[INFO  - 2017-06-28T09:41:47.779Z] Session [db14eeb0-5be5-11e7-aa06-1131190e3952] - page.customHeaders:  - {}
[ERROR - 2017-06-28T09:41:48.335Z] Session [db14eeb0-5be5-11e7-aa06-1131190e3952] - page.onError - msg: TypeError: undefined is not an object (evaluating '$.browser.msie')

  phantomjs://platform/console++.js:263 in error
[ERROR - 2017-06-28T09:41:48.335Z] Session [db14eeb0-5be5-11e7-aa06-1131190e3952] - page.onError - stack:
  (anonymous function) (http://www.kocca.kr/jquery/external/jquery.bgiframe-2.1.2.js:9)

  phantomjs://platform/console++.js:263 in error
[INFO  - 2017-06-28T09:41:51.913Z] Session [db14eeb0-5be5-11e7-aa06-1131190e3952] - page.settings - {"XSSAuditingEnabled":false,"javascriptCanCloseWindows":true,"javascriptCanOpenWindows":true,"javascriptEnabled":true,"loadImages":true,"localToRemoteUrlAccessEnabled":false,"userAgent":"Mozilla/5.0 (Windows NT 6.2; WOW64) AppleWebKit/538.1 (KHTML, like Gecko) PhantomJS/2.1.1 Safari/538.1","webSecurityEnabled":true}
[INFO  - 2017-06-28T09:41:51.914Z] Session [db14eeb0-5be5-11e7-aa06-1131190e3952] - page.customHeaders:  - {}
[ERROR - 2017-06-28T09:41:52.645Z] Session [db14eeb0-5be5-11e7-aa06-1131190e3952] - page.onError - msg: TypeError: undefined is not an object (evaluating '$.browser.msie')

  phantomjs://platform/console++.js:263 in error
[ERROR - 2017-06-28T09:41:52.645Z] Session [db14eeb0-5be5-11e7-aa06-1131190e3952] - page.onError - stack:
  (anonymous function) (http://www.kocca.kr/jquery/external/jquery.bgiframe-2.1.2.js:9)

  phantomjs://platform/console++.js:263 in error
[INFO  - 2017-06-28T09:41:58.520Z] Session [db14eeb0-5be5-11e7-aa06-1131190e3952] - page.settings - {"XSSAuditingEnabled":false,"javascriptCanCloseWindows":true,"javascriptCanOpenWindows":true,"javascriptEnabled":true,"loadImages":true,"localToRemoteUrlAccessEnabled":false,"userAgent":"Mozilla/5.0 (Windows NT 6.2; WOW64) AppleWebKit/538.1 (KHTML, like Gecko) PhantomJS/2.1.1 Safari/538.1","webSecurityEnabled":true}
[INFO  - 2017-06-28T09:41:58.520Z] Session [db14eeb0-5be5-11e7-aa06-1131190e3952] - page.customHeaders:  - {}
[ERROR - 2017-06-28T09:41:59.108Z] Session [db14eeb0-5be5-11e7-aa06-1131190e3952] - page.onError - msg: TypeError: undefined is not an object (evaluating '$.browser.msie')

  phantomjs://platform/console++.js:263 in error
[ERROR - 2017-06-28T09:41:59.108Z] Session [db14eeb0-5be5-11e7-aa06-1131190e3952] - page.onError - stack:
  (anonymous function) (http://www.kocca.kr/jquery/external/jquery.bgiframe-2.1.2.js:9)

  phantomjs://platform/console++.js:263 in error
[INFO  - 2017-06-28T09:42:05.255Z] Session [db14eeb0-5be5-11e7-aa06-1131190e3952] - page.settings - {"XSSAuditingEnabled":false,"javascriptCanCloseWindows":true,"javascriptCanOpenWindows":true,"javascriptEnabled":true,"loadImages":true,"localToRemoteUrlAccessEnabled":false,"userAgent":"Mozilla/5.0 (Windows NT 6.2; WOW64) AppleWebKit/538.1 (KHTML, like Gecko) PhantomJS/2.1.1 Safari/538.1","webSecurityEnabled":true}
[INFO  - 2017-06-28T09:42:05.255Z] Session [db14eeb0-5be5-11e7-aa06-1131190e3952] - page.customHeaders:  - {}
[ERROR - 2017-06-28T09:42:06.080Z] Session [db14eeb0-5be5-11e7-aa06-1131190e3952] - page.onError - msg: TypeError: undefined is not an object (evaluating '$.browser.msie')

  phantomjs://platform/console++.js:263 in error
[ERROR - 2017-06-28T09:42:06.080Z] Session [db14eeb0-5be5-11e7-aa06-1131190e3952] - page.onError - stack:
  (anonymous function) (http://www.kocca.kr/jquery/external/jquery.bgiframe-2.1.2.js:9)

  phantomjs://platform/console++.js:263 in error
[INFO  - 2017-06-28T09:42:08.756Z] Session [db14eeb0-5be5-11e7-aa06-1131190e3952] - page.settings - {"XSSAuditingEnabled":false,"javascriptCanCloseWindows":true,"javascriptCanOpenWindows":true,"javascriptEnabled":true,"loadImages":true,"localToRemoteUrlAccessEnabled":false,"userAgent":"Mozilla/5.0 (Windows NT 6.2; WOW64) AppleWebKit/538.1 (KHTML, like Gecko) PhantomJS/2.1.1 Safari/538.1","webSecurityEnabled":true}
[INFO  - 2017-06-28T09:42:08.756Z] Session [db14eeb0-5be5-11e7-aa06-1131190e3952] - page.customHeaders:  - {}
[ERROR - 2017-06-28T09:42:09.375Z] Session [db14eeb0-5be5-11e7-aa06-1131190e3952] - page.onError - msg: TypeError: undefined is not an object (evaluating '$.browser.msie')

  phantomjs://platform/console++.js:263 in error
[ERROR - 2017-06-28T09:42:09.375Z] Session [db14eeb0-5be5-11e7-aa06-1131190e3952] - page.onError - stack:
  (anonymous function) (http://www.kocca.kr/jquery/external/jquery.bgiframe-2.1.2.js:9)

  phantomjs://platform/console++.js:263 in error
[INFO  - 2017-06-28T09:42:11.265Z] Session [db14eeb0-5be5-11e7-aa06-1131190e3952] - page.settings - {"XSSAuditingEnabled":false,"javascriptCanCloseWindows":true,"javascriptCanOpenWindows":true,"javascriptEnabled":true,"loadImages":true,"localToRemoteUrlAccessEnabled":false,"userAgent":"Mozilla/5.0 (Windows NT 6.2; WOW64) AppleWebKit/538.1 (KHTML, like Gecko) PhantomJS/2.1.1 Safari/538.1","webSecurityEnabled":true}
[INFO  - 2017-06-28T09:42:11.265Z] Session [db14eeb0-5be5-11e7-aa06-1131190e3952] - page.customHeaders:  - {}
[ERROR - 2017-06-28T09:42:11.964Z] Session [db14eeb0-5be5-11e7-aa06-1131190e3952] - page.onError - msg: TypeError: undefined is not an object (evaluating '$.browser.msie')

  phantomjs://platform/console++.js:263 in error
[ERROR - 2017-06-28T09:42:11.964Z] Session [db14eeb0-5be5-11e7-aa06-1131190e3952] - page.onError - stack:
  (anonymous function) (http://www.kocca.kr/jquery/external/jquery.bgiframe-2.1.2.js:9)

  phantomjs://platform/console++.js:263 in error
[INFO  - 2017-06-28T09:42:14.414Z] Session [db14eeb0-5be5-11e7-aa06-1131190e3952] - page.settings - {"XSSAuditingEnabled":false,"javascriptCanCloseWindows":true,"javascriptCanOpenWindows":true,"javascriptEnabled":true,"loadImages":true,"localToRemoteUrlAccessEnabled":false,"userAgent":"Mozilla/5.0 (Windows NT 6.2; WOW64) AppleWebKit/538.1 (KHTML, like Gecko) PhantomJS/2.1.1 Safari/538.1","webSecurityEnabled":true}
[INFO  - 2017-06-28T09:42:14.415Z] Session [db14eeb0-5be5-11e7-aa06-1131190e3952] - page.customHeaders:  - {}
[ERROR - 2017-06-28T09:42:14.788Z] Session [db14eeb0-5be5-11e7-aa06-1131190e3952] - page.onError - msg: TypeError: undefined is not an object (evaluating '$.browser.msie')

  phantomjs://platform/console++.js:263 in error
[ERROR - 2017-06-28T09:42:14.788Z] Session [db14eeb0-5be5-11e7-aa06-1131190e3952] - page.onError - stack:
  (anonymous function) (http://www.kocca.kr/jquery/external/jquery.bgiframe-2.1.2.js:9)

  phantomjs://platform/console++.js:263 in error
[INFO  - 2017-06-28T09:42:18.484Z] Session [db14eeb0-5be5-11e7-aa06-1131190e3952] - page.settings - {"XSSAuditingEnabled":false,"javascriptCanCloseWindows":true,"javascriptCanOpenWindows":true,"javascriptEnabled":true,"loadImages":true,"localToRemoteUrlAccessEnabled":false,"userAgent":"Mozilla/5.0 (Windows NT 6.2; WOW64) AppleWebKit/538.1 (KHTML, like Gecko) PhantomJS/2.1.1 Safari/538.1","webSecurityEnabled":true}
[INFO  - 2017-06-28T09:42:18.484Z] Session [db14eeb0-5be5-11e7-aa06-1131190e3952] - page.customHeaders:  - {}
[ERROR - 2017-06-28T09:42:18.784Z] Session [db14eeb0-5be5-11e7-aa06-1131190e3952] - page.onError - msg: TypeError: undefined is not an object (evaluating '$.browser.msie')

  phantomjs://platform/console++.js:263 in error
[ERROR - 2017-06-28T09:42:18.784Z] Session [db14eeb0-5be5-11e7-aa06-1131190e3952] - page.onError - stack:
  (anonymous function) (http://www.kocca.kr/jquery/external/jquery.bgiframe-2.1.2.js:9)

  phantomjs://platform/console++.js:263 in error
[INFO  - 2017-06-28T09:42:21.017Z] Session [db14eeb0-5be5-11e7-aa06-1131190e3952] - page.settings - {"XSSAuditingEnabled":false,"javascriptCanCloseWindows":true,"javascriptCanOpenWindows":true,"javascriptEnabled":true,"loadImages":true,"localToRemoteUrlAccessEnabled":false,"userAgent":"Mozilla/5.0 (Windows NT 6.2; WOW64) AppleWebKit/538.1 (KHTML, like Gecko) PhantomJS/2.1.1 Safari/538.1","webSecurityEnabled":true}
[INFO  - 2017-06-28T09:42:21.017Z] Session [db14eeb0-5be5-11e7-aa06-1131190e3952] - page.customHeaders:  - {}
[ERROR - 2017-06-28T09:42:21.465Z] Session [db14eeb0-5be5-11e7-aa06-1131190e3952] - page.onError - msg: TypeError: undefined is not an object (evaluating '$.browser.msie')

  phantomjs://platform/console++.js:263 in error
[ERROR - 2017-06-28T09:42:21.465Z] Session [db14eeb0-5be5-11e7-aa06-1131190e3952] - page.onError - stack:
  (anonymous function) (http://www.kocca.kr/jquery/external/jquery.bgiframe-2.1.2.js:9)

  phantomjs://platform/console++.js:263 in error
[INFO  - 2017-06-28T09:42:24.043Z] Session [db14eeb0-5be5-11e7-aa06-1131190e3952] - page.settings - {"XSSAuditingEnabled":false,"javascriptCanCloseWindows":true,"javascriptCanOpenWindows":true,"javascriptEnabled":true,"loadImages":true,"localToRemoteUrlAccessEnabled":false,"userAgent":"Mozilla/5.0 (Windows NT 6.2; WOW64) AppleWebKit/538.1 (KHTML, like Gecko) PhantomJS/2.1.1 Safari/538.1","webSecurityEnabled":true}
[INFO  - 2017-06-28T09:42:24.043Z] Session [db14eeb0-5be5-11e7-aa06-1131190e3952] - page.customHeaders:  - {}
[ERROR - 2017-06-28T09:42:24.483Z] Session [db14eeb0-5be5-11e7-aa06-1131190e3952] - page.onError - msg: TypeError: undefined is not an object (evaluating '$.browser.msie')

  phantomjs://platform/console++.js:263 in error
[ERROR - 2017-06-28T09:42:24.483Z] Session [db14eeb0-5be5-11e7-aa06-1131190e3952] - page.onError - stack:
  (anonymous function) (http://www.kocca.kr/jquery/external/jquery.bgiframe-2.1.2.js:9)

  phantomjs://platform/console++.js:263 in error
[INFO  - 2017-06-28T09:42:26.880Z] Session [db14eeb0-5be5-11e7-aa06-1131190e3952] - page.settings - {"XSSAuditingEnabled":false,"javascriptCanCloseWindows":true,"javascriptCanOpenWindows":true,"javascriptEnabled":true,"loadImages":true,"localToRemoteUrlAccessEnabled":false,"userAgent":"Mozilla/5.0 (Windows NT 6.2; WOW64) AppleWebKit/538.1 (KHTML, like Gecko) PhantomJS/2.1.1 Safari/538.1","webSecurityEnabled":true}
[INFO  - 2017-06-28T09:42:26.880Z] Session [db14eeb0-5be5-11e7-aa06-1131190e3952] - page.customHeaders:  - {}
[ERROR - 2017-06-28T09:42:27.338Z] Session [db14eeb0-5be5-11e7-aa06-1131190e3952] - page.onError - msg: TypeError: undefined is not an object (evaluating '$.browser.msie')

  phantomjs://platform/console++.js:263 in error
[ERROR - 2017-06-28T09:42:27.338Z] Session [db14eeb0-5be5-11e7-aa06-1131190e3952] - page.onError - stack:
  (anonymous function) (http://www.kocca.kr/jquery/external/jquery.bgiframe-2.1.2.js:9)

  phantomjs://platform/console++.js:263 in error
[INFO  - 2017-06-28T09:42:29.569Z] Session [db14eeb0-5be5-11e7-aa06-1131190e3952] - page.settings - {"XSSAuditingEnabled":false,"javascriptCanCloseWindows":true,"javascriptCanOpenWindows":true,"javascriptEnabled":true,"loadImages":true,"localToRemoteUrlAccessEnabled":false,"userAgent":"Mozilla/5.0 (Windows NT 6.2; WOW64) AppleWebKit/538.1 (KHTML, like Gecko) PhantomJS/2.1.1 Safari/538.1","webSecurityEnabled":true}
[INFO  - 2017-06-28T09:42:29.569Z] Session [db14eeb0-5be5-11e7-aa06-1131190e3952] - page.customHeaders:  - {}
[ERROR - 2017-06-28T09:42:29.990Z] Session [db14eeb0-5be5-11e7-aa06-1131190e3952] - page.onError - msg: TypeError: undefined is not an object (evaluating '$.browser.msie')

  phantomjs://platform/console++.js:263 in error
[ERROR - 2017-06-28T09:42:29.990Z] Session [db14eeb0-5be5-11e7-aa06-1131190e3952] - page.onError - stack:
  (anonymous function) (http://www.kocca.kr/jquery/external/jquery.bgiframe-2.1.2.js:9)

  phantomjs://platform/console++.js:263 in error
[INFO  - 2017-06-28T09:42:32.177Z] Session [db14eeb0-5be5-11e7-aa06-1131190e3952] - page.settings - {"XSSAuditingEnabled":false,"javascriptCanCloseWindows":true,"javascriptCanOpenWindows":true,"javascriptEnabled":true,"loadImages":true,"localToRemoteUrlAccessEnabled":false,"userAgent":"Mozilla/5.0 (Windows NT 6.2; WOW64) AppleWebKit/538.1 (KHTML, like Gecko) PhantomJS/2.1.1 Safari/538.1","webSecurityEnabled":true}
[INFO  - 2017-06-28T09:42:32.177Z] Session [db14eeb0-5be5-11e7-aa06-1131190e3952] - page.customHeaders:  - {}
[ERROR - 2017-06-28T09:42:32.601Z] Session [db14eeb0-5be5-11e7-aa06-1131190e3952] - page.onError - msg: TypeError: undefined is not an object (evaluating '$.browser.msie')

  phantomjs://platform/console++.js:263 in error
[ERROR - 2017-06-28T09:42:32.601Z] Session [db14eeb0-5be5-11e7-aa06-1131190e3952] - page.onError - stack:
  (anonymous function) (http://www.kocca.kr/jquery/external/jquery.bgiframe-2.1.2.js:9)

  phantomjs://platform/console++.js:263 in error
[INFO  - 2017-06-28T09:42:36.565Z] Session [db14eeb0-5be5-11e7-aa06-1131190e3952] - page.settings - {"XSSAuditingEnabled":false,"javascriptCanCloseWindows":true,"javascriptCanOpenWindows":true,"javascriptEnabled":true,"loadImages":true,"localToRemoteUrlAccessEnabled":false,"userAgent":"Mozilla/5.0 (Windows NT 6.2; WOW64) AppleWebKit/538.1 (KHTML, like Gecko) PhantomJS/2.1.1 Safari/538.1","webSecurityEnabled":true}
[INFO  - 2017-06-28T09:42:36.565Z] Session [db14eeb0-5be5-11e7-aa06-1131190e3952] - page.customHeaders:  - {}
[ERROR - 2017-06-28T09:42:37.337Z] Session [db14eeb0-5be5-11e7-aa06-1131190e3952] - page.onError - msg: TypeError: undefined is not an object (evaluating '$.browser.msie')

  phantomjs://platform/console++.js:263 in error
[ERROR - 2017-06-28T09:42:37.337Z] Session [db14eeb0-5be5-11e7-aa06-1131190e3952] - page.onError - stack:
  (anonymous function) (http://www.kocca.kr/jquery/external/jquery.bgiframe-2.1.2.js:9)

  phantomjs://platform/console++.js:263 in error
[INFO  - 2017-06-28T09:42:38.751Z] Session [db14eeb0-5be5-11e7-aa06-1131190e3952] - page.settings - {"XSSAuditingEnabled":false,"javascriptCanCloseWindows":true,"javascriptCanOpenWindows":true,"javascriptEnabled":true,"loadImages":true,"localToRemoteUrlAccessEnabled":false,"userAgent":"Mozilla/5.0 (Windows NT 6.2; WOW64) AppleWebKit/538.1 (KHTML, like Gecko) PhantomJS/2.1.1 Safari/538.1","webSecurityEnabled":true}
[INFO  - 2017-06-28T09:42:38.751Z] Session [db14eeb0-5be5-11e7-aa06-1131190e3952] - page.customHeaders:  - {}
[ERROR - 2017-06-28T09:42:39.401Z] Session [db14eeb0-5be5-11e7-aa06-1131190e3952] - page.onError - msg: TypeError: undefined is not an object (evaluating '$.browser.msie')

  phantomjs://platform/console++.js:263 in error
[ERROR - 2017-06-28T09:42:39.401Z] Session [db14eeb0-5be5-11e7-aa06-1131190e3952] - page.onError - stack:
  (anonymous function) (http://www.kocca.kr/jquery/external/jquery.bgiframe-2.1.2.js:9)

  phantomjs://platform/console++.js:263 in error
[INFO  - 2017-06-28T09:42:44.278Z] Session [db14eeb0-5be5-11e7-aa06-1131190e3952] - page.settings - {"XSSAuditingEnabled":false,"javascriptCanCloseWindows":true,"javascriptCanOpenWindows":true,"javascriptEnabled":true,"loadImages":true,"localToRemoteUrlAccessEnabled":false,"userAgent":"Mozilla/5.0 (Windows NT 6.2; WOW64) AppleWebKit/538.1 (KHTML, like Gecko) PhantomJS/2.1.1 Safari/538.1","webSecurityEnabled":true}
[INFO  - 2017-06-28T09:42:44.278Z] Session [db14eeb0-5be5-11e7-aa06-1131190e3952] - page.customHeaders:  - {}
[ERROR - 2017-06-28T09:42:45.139Z] Session [db14eeb0-5be5-11e7-aa06-1131190e3952] - page.onError - msg: TypeError: undefined is not an object (evaluating '$.browser.msie')

  phantomjs://platform/console++.js:263 in error
[ERROR - 2017-06-28T09:42:45.139Z] Session [db14eeb0-5be5-11e7-aa06-1131190e3952] - page.onError - stack:
  (anonymous function) (http://www.kocca.kr/jquery/external/jquery.bgiframe-2.1.2.js:9)

  phantomjs://platform/console++.js:263 in error
[INFO  - 2017-06-28T09:42:51.749Z] Session [db14eeb0-5be5-11e7-aa06-1131190e3952] - page.settings - {"XSSAuditingEnabled":false,"javascriptCanCloseWindows":true,"javascriptCanOpenWindows":true,"javascriptEnabled":true,"loadImages":true,"localToRemoteUrlAccessEnabled":false,"userAgent":"Mozilla/5.0 (Windows NT 6.2; WOW64) AppleWebKit/538.1 (KHTML, like Gecko) PhantomJS/2.1.1 Safari/538.1","webSecurityEnabled":true}
[INFO  - 2017-06-28T09:42:51.749Z] Session [db14eeb0-5be5-11e7-aa06-1131190e3952] - page.customHeaders:  - {}
[ERROR - 2017-06-28T09:42:52.575Z] Session [db14eeb0-5be5-11e7-aa06-1131190e3952] - page.onError - msg: TypeError: undefined is not an object (evaluating '$.browser.msie')

  phantomjs://platform/console++.js:263 in error
[ERROR - 2017-06-28T09:42:52.575Z] Session [db14eeb0-5be5-11e7-aa06-1131190e3952] - page.onError - stack:
  (anonymous function) (http://www.kocca.kr/jquery/external/jquery.bgiframe-2.1.2.js:9)

  phantomjs://platform/console++.js:263 in error
[INFO  - 2017-06-28T09:42:58.283Z] Session [db14eeb0-5be5-11e7-aa06-1131190e3952] - page.settings - {"XSSAuditingEnabled":false,"javascriptCanCloseWindows":true,"javascriptCanOpenWindows":true,"javascriptEnabled":true,"loadImages":true,"localToRemoteUrlAccessEnabled":false,"userAgent":"Mozilla/5.0 (Windows NT 6.2; WOW64) AppleWebKit/538.1 (KHTML, like Gecko) PhantomJS/2.1.1 Safari/538.1","webSecurityEnabled":true}
[INFO  - 2017-06-28T09:42:58.283Z] Session [db14eeb0-5be5-11e7-aa06-1131190e3952] - page.customHeaders:  - {}
[ERROR - 2017-06-28T09:42:58.867Z] Session [db14eeb0-5be5-11e7-aa06-1131190e3952] - page.onError - msg: TypeError: undefined is not an object (evaluating '$.browser.msie')

  phantomjs://platform/console++.js:263 in error
[ERROR - 2017-06-28T09:42:58.867Z] Session [db14eeb0-5be5-11e7-aa06-1131190e3952] - page.onError - stack:
  (anonymous function) (http://www.kocca.kr/jquery/external/jquery.bgiframe-2.1.2.js:9)

  phantomjs://platform/console++.js:263 in error
[INFO  - 2017-06-28T09:43:02.357Z] Session [db14eeb0-5be5-11e7-aa06-1131190e3952] - page.settings - {"XSSAuditingEnabled":false,"javascriptCanCloseWindows":true,"javascriptCanOpenWindows":true,"javascriptEnabled":true,"loadImages":true,"localToRemoteUrlAccessEnabled":false,"userAgent":"Mozilla/5.0 (Windows NT 6.2; WOW64) AppleWebKit/538.1 (KHTML, like Gecko) PhantomJS/2.1.1 Safari/538.1","webSecurityEnabled":true}
[INFO  - 2017-06-28T09:43:02.357Z] Session [db14eeb0-5be5-11e7-aa06-1131190e3952] - page.customHeaders:  - {}
[ERROR - 2017-06-28T09:43:03.042Z] Session [db14eeb0-5be5-11e7-aa06-1131190e3952] - page.onError - msg: TypeError: undefined is not an object (evaluating '$.browser.msie')

  phantomjs://platform/console++.js:263 in error
[ERROR - 2017-06-28T09:43:03.043Z] Session [db14eeb0-5be5-11e7-aa06-1131190e3952] - page.onError - stack:
  (anonymous function) (http://www.kocca.kr/jquery/external/jquery.bgiframe-2.1.2.js:9)

  phantomjs://platform/console++.js:263 in error
[INFO  - 2017-06-28T09:43:08.048Z] Session [db14eeb0-5be5-11e7-aa06-1131190e3952] - page.settings - {"XSSAuditingEnabled":false,"javascriptCanCloseWindows":true,"javascriptCanOpenWindows":true,"javascriptEnabled":true,"loadImages":true,"localToRemoteUrlAccessEnabled":false,"userAgent":"Mozilla/5.0 (Windows NT 6.2; WOW64) AppleWebKit/538.1 (KHTML, like Gecko) PhantomJS/2.1.1 Safari/538.1","webSecurityEnabled":true}
[INFO  - 2017-06-28T09:43:08.048Z] Session [db14eeb0-5be5-11e7-aa06-1131190e3952] - page.customHeaders:  - {}
[ERROR - 2017-06-28T09:43:08.423Z] Session [db14eeb0-5be5-11e7-aa06-1131190e3952] - page.onError - msg: TypeError: undefined is not an object (evaluating '$.browser.msie')

  phantomjs://platform/console++.js:263 in error
[ERROR - 2017-06-28T09:43:08.424Z] Session [db14eeb0-5be5-11e7-aa06-1131190e3952] - page.onError - stack:
  (anonymous function) (http://www.kocca.kr/jquery/external/jquery.bgiframe-2.1.2.js:9)

  phantomjs://platform/console++.js:263 in error
[INFO  - 2017-06-28T09:43:13.375Z] Session [db14eeb0-5be5-11e7-aa06-1131190e3952] - page.settings - {"XSSAuditingEnabled":false,"javascriptCanCloseWindows":true,"javascriptCanOpenWindows":true,"javascriptEnabled":true,"loadImages":true,"localToRemoteUrlAccessEnabled":false,"userAgent":"Mozilla/5.0 (Windows NT 6.2; WOW64) AppleWebKit/538.1 (KHTML, like Gecko) PhantomJS/2.1.1 Safari/538.1","webSecurityEnabled":true}
[INFO  - 2017-06-28T09:43:13.375Z] Session [db14eeb0-5be5-11e7-aa06-1131190e3952] - page.customHeaders:  - {}
[ERROR - 2017-06-28T09:43:14.279Z] Session [db14eeb0-5be5-11e7-aa06-1131190e3952] - page.onError - msg: TypeError: undefined is not an object (evaluating '$.browser.msie')

  phantomjs://platform/console++.js:263 in error
[ERROR - 2017-06-28T09:43:14.280Z] Session [db14eeb0-5be5-11e7-aa06-1131190e3952] - page.onError - stack:
  (anonymous function) (http://www.kocca.kr/jquery/external/jquery.bgiframe-2.1.2.js:9)

  phantomjs://platform/console++.js:263 in error
[INFO  - 2017-06-28T09:43:19.511Z] Session [db14eeb0-5be5-11e7-aa06-1131190e3952] - page.settings - {"XSSAuditingEnabled":false,"javascriptCanCloseWindows":true,"javascriptCanOpenWindows":true,"javascriptEnabled":true,"loadImages":true,"localToRemoteUrlAccessEnabled":false,"userAgent":"Mozilla/5.0 (Windows NT 6.2; WOW64) AppleWebKit/538.1 (KHTML, like Gecko) PhantomJS/2.1.1 Safari/538.1","webSecurityEnabled":true}
[INFO  - 2017-06-28T09:43:19.511Z] Session [db14eeb0-5be5-11e7-aa06-1131190e3952] - page.customHeaders:  - {}
[ERROR - 2017-06-28T09:43:20.354Z] Session [db14eeb0-5be5-11e7-aa06-1131190e3952] - page.onError - msg: TypeError: undefined is not an object (evaluating '$.browser.msie')

  phantomjs://platform/console++.js:263 in error
[ERROR - 2017-06-28T09:43:20.354Z] Session [db14eeb0-5be5-11e7-aa06-1131190e3952] - page.onError - stack:
  (anonymous function) (http://www.kocca.kr/jquery/external/jquery.bgiframe-2.1.2.js:9)

  phantomjs://platform/console++.js:263 in error
[INFO  - 2017-06-28T09:43:28.423Z] Session [db14eeb0-5be5-11e7-aa06-1131190e3952] - page.settings - {"XSSAuditingEnabled":false,"javascriptCanCloseWindows":true,"javascriptCanOpenWindows":true,"javascriptEnabled":true,"loadImages":true,"localToRemoteUrlAccessEnabled":false,"userAgent":"Mozilla/5.0 (Windows NT 6.2; WOW64) AppleWebKit/538.1 (KHTML, like Gecko) PhantomJS/2.1.1 Safari/538.1","webSecurityEnabled":true}
[INFO  - 2017-06-28T09:43:28.423Z] Session [db14eeb0-5be5-11e7-aa06-1131190e3952] - page.customHeaders:  - {}
[ERROR - 2017-06-28T09:43:29.023Z] Session [db14eeb0-5be5-11e7-aa06-1131190e3952] - page.onError - msg: TypeError: undefined is not an object (evaluating '$.browser.msie')

  phantomjs://platform/console++.js:263 in error
[ERROR - 2017-06-28T09:43:29.023Z] Session [db14eeb0-5be5-11e7-aa06-1131190e3952] - page.onError - stack:
  (anonymous function) (http://www.kocca.kr/jquery/external/jquery.bgiframe-2.1.2.js:9)

  phantomjs://platform/console++.js:263 in error
[INFO  - 2017-06-28T09:43:33.520Z] Session [db14eeb0-5be5-11e7-aa06-1131190e3952] - page.settings - {"XSSAuditingEnabled":false,"javascriptCanCloseWindows":true,"javascriptCanOpenWindows":true,"javascriptEnabled":true,"loadImages":true,"localToRemoteUrlAccessEnabled":false,"userAgent":"Mozilla/5.0 (Windows NT 6.2; WOW64) AppleWebKit/538.1 (KHTML, like Gecko) PhantomJS/2.1.1 Safari/538.1","webSecurityEnabled":true}
[INFO  - 2017-06-28T09:43:33.520Z] Session [db14eeb0-5be5-11e7-aa06-1131190e3952] - page.customHeaders:  - {}
[ERROR - 2017-06-28T09:43:34.363Z] Session [db14eeb0-5be5-11e7-aa06-1131190e3952] - page.onError - msg: TypeError: undefined is not an object (evaluating '$.browser.msie')

  phantomjs://platform/console++.js:263 in error
[ERROR - 2017-06-28T09:43:34.363Z] Session [db14eeb0-5be5-11e7-aa06-1131190e3952] - page.onError - stack:
  (anonymous function) (http://www.kocca.kr/jquery/external/jquery.bgiframe-2.1.2.js:9)

  phantomjs://platform/console++.js:263 in error
[INFO  - 2017-06-28T09:43:38.878Z] Session [db14eeb0-5be5-11e7-aa06-1131190e3952] - page.settings - {"XSSAuditingEnabled":false,"javascriptCanCloseWindows":true,"javascriptCanOpenWindows":true,"javascriptEnabled":true,"loadImages":true,"localToRemoteUrlAccessEnabled":false,"userAgent":"Mozilla/5.0 (Windows NT 6.2; WOW64) AppleWebKit/538.1 (KHTML, like Gecko) PhantomJS/2.1.1 Safari/538.1","webSecurityEnabled":true}
[INFO  - 2017-06-28T09:43:38.878Z] Session [db14eeb0-5be5-11e7-aa06-1131190e3952] - page.customHeaders:  - {}
[ERROR - 2017-06-28T09:43:39.503Z] Session [db14eeb0-5be5-11e7-aa06-1131190e3952] - page.onError - msg: TypeError: undefined is not an object (evaluating '$.browser.msie')

  phantomjs://platform/console++.js:263 in error
[ERROR - 2017-06-28T09:43:39.503Z] Session [db14eeb0-5be5-11e7-aa06-1131190e3952] - page.onError - stack:
  (anonymous function) (http://www.kocca.kr/jquery/external/jquery.bgiframe-2.1.2.js:9)

  phantomjs://platform/console++.js:263 in error
[INFO  - 2017-06-28T09:43:42.252Z] Session [db14eeb0-5be5-11e7-aa06-1131190e3952] - page.settings - {"XSSAuditingEnabled":false,"javascriptCanCloseWindows":true,"javascriptCanOpenWindows":true,"javascriptEnabled":true,"loadImages":true,"localToRemoteUrlAccessEnabled":false,"userAgent":"Mozilla/5.0 (Windows NT 6.2; WOW64) AppleWebKit/538.1 (KHTML, like Gecko) PhantomJS/2.1.1 Safari/538.1","webSecurityEnabled":true}
[INFO  - 2017-06-28T09:43:42.252Z] Session [db14eeb0-5be5-11e7-aa06-1131190e3952] - page.customHeaders:  - {}
[ERROR - 2017-06-28T09:43:42.605Z] Session [db14eeb0-5be5-11e7-aa06-1131190e3952] - page.onError - msg: TypeError: undefined is not an object (evaluating '$.browser.msie')

  phantomjs://platform/console++.js:263 in error
[ERROR - 2017-06-28T09:43:42.605Z] Session [db14eeb0-5be5-11e7-aa06-1131190e3952] - page.onError - stack:
  (anonymous function) (http://www.kocca.kr/jquery/external/jquery.bgiframe-2.1.2.js:9)

  phantomjs://platform/console++.js:263 in error
[INFO  - 2017-06-28T09:43:46.686Z] Session [db14eeb0-5be5-11e7-aa06-1131190e3952] - page.settings - {"XSSAuditingEnabled":false,"javascriptCanCloseWindows":true,"javascriptCanOpenWindows":true,"javascriptEnabled":true,"loadImages":true,"localToRemoteUrlAccessEnabled":false,"userAgent":"Mozilla/5.0 (Windows NT 6.2; WOW64) AppleWebKit/538.1 (KHTML, like Gecko) PhantomJS/2.1.1 Safari/538.1","webSecurityEnabled":true}
[INFO  - 2017-06-28T09:43:46.686Z] Session [db14eeb0-5be5-11e7-aa06-1131190e3952] - page.customHeaders:  - {}
[ERROR - 2017-06-28T09:43:47.433Z] Session [db14eeb0-5be5-11e7-aa06-1131190e3952] - page.onError - msg: TypeError: undefined is not an object (evaluating '$.browser.msie')

  phantomjs://platform/console++.js:263 in error
[ERROR - 2017-06-28T09:43:47.434Z] Session [db14eeb0-5be5-11e7-aa06-1131190e3952] - page.onError - stack:
  (anonymous function) (http://www.kocca.kr/jquery/external/jquery.bgiframe-2.1.2.js:9)

  phantomjs://platform/console++.js:263 in error
[INFO  - 2017-06-28T09:43:49.716Z] Session [db14eeb0-5be5-11e7-aa06-1131190e3952] - page.settings - {"XSSAuditingEnabled":false,"javascriptCanCloseWindows":true,"javascriptCanOpenWindows":true,"javascriptEnabled":true,"loadImages":true,"localToRemoteUrlAccessEnabled":false,"userAgent":"Mozilla/5.0 (Windows NT 6.2; WOW64) AppleWebKit/538.1 (KHTML, like Gecko) PhantomJS/2.1.1 Safari/538.1","webSecurityEnabled":true}
[INFO  - 2017-06-28T09:43:49.716Z] Session [db14eeb0-5be5-11e7-aa06-1131190e3952] - page.customHeaders:  - {}
[ERROR - 2017-06-28T09:43:50.404Z] Session [db14eeb0-5be5-11e7-aa06-1131190e3952] - page.onError - msg: TypeError: undefined is not an object (evaluating '$.browser.msie')

  phantomjs://platform/console++.js:263 in error
[ERROR - 2017-06-28T09:43:50.404Z] Session [db14eeb0-5be5-11e7-aa06-1131190e3952] - page.onError - stack:
  (anonymous function) (http://www.kocca.kr/jquery/external/jquery.bgiframe-2.1.2.js:9)

  phantomjs://platform/console++.js:263 in error
[INFO  - 2017-06-28T09:43:53.604Z] Session [db14eeb0-5be5-11e7-aa06-1131190e3952] - page.settings - {"XSSAuditingEnabled":false,"javascriptCanCloseWindows":true,"javascriptCanOpenWindows":true,"javascriptEnabled":true,"loadImages":true,"localToRemoteUrlAccessEnabled":false,"userAgent":"Mozilla/5.0 (Windows NT 6.2; WOW64) AppleWebKit/538.1 (KHTML, like Gecko) PhantomJS/2.1.1 Safari/538.1","webSecurityEnabled":true}
[INFO  - 2017-06-28T09:43:53.605Z] Session [db14eeb0-5be5-11e7-aa06-1131190e3952] - page.customHeaders:  - {}
[ERROR - 2017-06-28T09:43:54.317Z] Session [db14eeb0-5be5-11e7-aa06-1131190e3952] - page.onError - msg: TypeError: undefined is not an object (evaluating '$.browser.msie')

  phantomjs://platform/console++.js:263 in error
[ERROR - 2017-06-28T09:43:54.317Z] Session [db14eeb0-5be5-11e7-aa06-1131190e3952] - page.onError - stack:
  (anonymous function) (http://www.kocca.kr/jquery/external/jquery.bgiframe-2.1.2.js:9)

  phantomjs://platform/console++.js:263 in error
[INFO  - 2017-06-28T09:43:58.220Z] Session [db14eeb0-5be5-11e7-aa06-1131190e3952] - page.settings - {"XSSAuditingEnabled":false,"javascriptCanCloseWindows":true,"javascriptCanOpenWindows":true,"javascriptEnabled":true,"loadImages":true,"localToRemoteUrlAccessEnabled":false,"userAgent":"Mozilla/5.0 (Windows NT 6.2; WOW64) AppleWebKit/538.1 (KHTML, like Gecko) PhantomJS/2.1.1 Safari/538.1","webSecurityEnabled":true}
[INFO  - 2017-06-28T09:43:58.220Z] Session [db14eeb0-5be5-11e7-aa06-1131190e3952] - page.customHeaders:  - {}
[ERROR - 2017-06-28T09:43:58.840Z] Session [db14eeb0-5be5-11e7-aa06-1131190e3952] - page.onError - msg: TypeError: undefined is not an object (evaluating '$.browser.msie')

  phantomjs://platform/console++.js:263 in error
[ERROR - 2017-06-28T09:43:58.840Z] Session [db14eeb0-5be5-11e7-aa06-1131190e3952] - page.onError - stack:
  (anonymous function) (http://www.kocca.kr/jquery/external/jquery.bgiframe-2.1.2.js:9)

  phantomjs://platform/console++.js:263 in error
[INFO  - 2017-06-28T09:44:04.794Z] Session [db14eeb0-5be5-11e7-aa06-1131190e3952] - page.settings - {"XSSAuditingEnabled":false,"javascriptCanCloseWindows":true,"javascriptCanOpenWindows":true,"javascriptEnabled":true,"loadImages":true,"localToRemoteUrlAccessEnabled":false,"userAgent":"Mozilla/5.0 (Windows NT 6.2; WOW64) AppleWebKit/538.1 (KHTML, like Gecko) PhantomJS/2.1.1 Safari/538.1","webSecurityEnabled":true}
[INFO  - 2017-06-28T09:44:04.794Z] Session [db14eeb0-5be5-11e7-aa06-1131190e3952] - page.customHeaders:  - {}
[ERROR - 2017-06-28T09:44:05.657Z] Session [db14eeb0-5be5-11e7-aa06-1131190e3952] - page.onError - msg: TypeError: undefined is not an object (evaluating '$.browser.msie')

  phantomjs://platform/console++.js:263 in error
[ERROR - 2017-06-28T09:44:05.657Z] Session [db14eeb0-5be5-11e7-aa06-1131190e3952] - page.onError - stack:
  (anonymous function) (http://www.kocca.kr/jquery/external/jquery.bgiframe-2.1.2.js:9)

  phantomjs://platform/console++.js:263 in error
[INFO  - 2017-06-28T09:44:06.673Z] Session [db14eeb0-5be5-11e7-aa06-1131190e3952] - page.settings - {"XSSAuditingEnabled":false,"javascriptCanCloseWindows":true,"javascriptCanOpenWindows":true,"javascriptEnabled":true,"loadImages":true,"localToRemoteUrlAccessEnabled":false,"userAgent":"Mozilla/5.0 (Windows NT 6.2; WOW64) AppleWebKit/538.1 (KHTML, like Gecko) PhantomJS/2.1.1 Safari/538.1","webSecurityEnabled":true}
[INFO  - 2017-06-28T09:44:06.673Z] Session [db14eeb0-5be5-11e7-aa06-1131190e3952] - page.customHeaders:  - {}
[ERROR - 2017-06-28T09:44:07.414Z] Session [db14eeb0-5be5-11e7-aa06-1131190e3952] - page.onError - msg: TypeError: undefined is not an object (evaluating '$.browser.msie')

  phantomjs://platform/console++.js:263 in error
[ERROR - 2017-06-28T09:44:07.415Z] Session [db14eeb0-5be5-11e7-aa06-1131190e3952] - page.onError - stack:
  (anonymous function) (http://www.kocca.kr/jquery/external/jquery.bgiframe-2.1.2.js:9)

  phantomjs://platform/console++.js:263 in error
[INFO  - 2017-06-28T09:44:08.405Z] Session [db14eeb0-5be5-11e7-aa06-1131190e3952] - page.settings - {"XSSAuditingEnabled":false,"javascriptCanCloseWindows":true,"javascriptCanOpenWindows":true,"javascriptEnabled":true,"loadImages":true,"localToRemoteUrlAccessEnabled":false,"userAgent":"Mozilla/5.0 (Windows NT 6.2; WOW64) AppleWebKit/538.1 (KHTML, like Gecko) PhantomJS/2.1.1 Safari/538.1","webSecurityEnabled":true}
[INFO  - 2017-06-28T09:44:08.406Z] Session [db14eeb0-5be5-11e7-aa06-1131190e3952] - page.customHeaders:  - {}
[ERROR - 2017-06-28T09:44:08.773Z] Session [db14eeb0-5be5-11e7-aa06-1131190e3952] - page.onError - msg: TypeError: undefined is not an object (evaluating '$.browser.msie')

  phantomjs://platform/console++.js:263 in error
[ERROR - 2017-06-28T09:44:08.773Z] Session [db14eeb0-5be5-11e7-aa06-1131190e3952] - page.onError - stack:
  (anonymous function) (http://www.kocca.kr/jquery/external/jquery.bgiframe-2.1.2.js:9)

  phantomjs://platform/console++.js:263 in error
[INFO  - 2017-06-28T09:44:09.557Z] Session [db14eeb0-5be5-11e7-aa06-1131190e3952] - page.settings - {"XSSAuditingEnabled":false,"javascriptCanCloseWindows":true,"javascriptCanOpenWindows":true,"javascriptEnabled":true,"loadImages":true,"localToRemoteUrlAccessEnabled":false,"userAgent":"Mozilla/5.0 (Windows NT 6.2; WOW64) AppleWebKit/538.1 (KHTML, like Gecko) PhantomJS/2.1.1 Safari/538.1","webSecurityEnabled":true}
[INFO  - 2017-06-28T09:44:09.557Z] Session [db14eeb0-5be5-11e7-aa06-1131190e3952] - page.customHeaders:  - {}
[ERROR - 2017-06-28T09:44:09.897Z] Session [db14eeb0-5be5-11e7-aa06-1131190e3952] - page.onError - msg: TypeError: undefined is not an object (evaluating '$.browser.msie')

  phantomjs://platform/console++.js:263 in error
[ERROR - 2017-06-28T09:44:09.897Z] Session [db14eeb0-5be5-11e7-aa06-1131190e3952] - page.onError - stack:
  (anonymous function) (http://www.kocca.kr/jquery/external/jquery.bgiframe-2.1.2.js:9)

  phantomjs://platform/console++.js:263 in error
[INFO  - 2017-06-28T09:44:10.961Z] Session [db14eeb0-5be5-11e7-aa06-1131190e3952] - page.settings - {"XSSAuditingEnabled":false,"javascriptCanCloseWindows":true,"javascriptCanOpenWindows":true,"javascriptEnabled":true,"loadImages":true,"localToRemoteUrlAccessEnabled":false,"userAgent":"Mozilla/5.0 (Windows NT 6.2; WOW64) AppleWebKit/538.1 (KHTML, like Gecko) PhantomJS/2.1.1 Safari/538.1","webSecurityEnabled":true}
[INFO  - 2017-06-28T09:44:10.961Z] Session [db14eeb0-5be5-11e7-aa06-1131190e3952] - page.customHeaders:  - {}
[ERROR - 2017-06-28T09:44:11.443Z] Session [db14eeb0-5be5-11e7-aa06-1131190e3952] - page.onError - msg: TypeError: undefined is not an object (evaluating '$.browser.msie')

  phantomjs://platform/console++.js:263 in error
[ERROR - 2017-06-28T09:44:11.443Z] Session [db14eeb0-5be5-11e7-aa06-1131190e3952] - page.onError - stack:
  (anonymous function) (http://www.kocca.kr/jquery/external/jquery.bgiframe-2.1.2.js:9)

  phantomjs://platform/console++.js:263 in error
[INFO  - 2017-06-28T09:44:14.807Z] Session [db14eeb0-5be5-11e7-aa06-1131190e3952] - page.settings - {"XSSAuditingEnabled":false,"javascriptCanCloseWindows":true,"javascriptCanOpenWindows":true,"javascriptEnabled":true,"loadImages":true,"localToRemoteUrlAccessEnabled":false,"userAgent":"Mozilla/5.0 (Windows NT 6.2; WOW64) AppleWebKit/538.1 (KHTML, like Gecko) PhantomJS/2.1.1 Safari/538.1","webSecurityEnabled":true}
[INFO  - 2017-06-28T09:44:14.807Z] Session [db14eeb0-5be5-11e7-aa06-1131190e3952] - page.customHeaders:  - {}
[ERROR - 2017-06-28T09:44:15.696Z] Session [db14eeb0-5be5-11e7-aa06-1131190e3952] - page.onError - msg: TypeError: undefined is not an object (evaluating '$.browser.msie')

  phantomjs://platform/console++.js:263 in error
[ERROR - 2017-06-28T09:44:15.696Z] Session [db14eeb0-5be5-11e7-aa06-1131190e3952] - page.onError - stack:
  (anonymous function) (http://www.kocca.kr/jquery/external/jquery.bgiframe-2.1.2.js:9)

  phantomjs://platform/console++.js:263 in error
